<?xml version="1.0" encoding="UTF-8"?>
<!-- Generated by org.testng.reporters.JUnitXMLReporter -->
<testsuite ignored="2" hostname="SamsungLaptop" failures="0" tests="0" time="0.011" errors="0" timestamp="2025-07-04T10:59:20 PDT">
  <testcase classname="testCases.TC003_Login_DDT" name="verify_loginDDT" time="0.0">
    <ignored/>
  </testcase> <!-- verify_loginDDT -->
  <testcase classname="testCases.TC001_AccountRegistrationTest" name="verify_account_reqistration" time="0.0">
    <ignored/>
  </testcase> <!-- verify_account_reqistration -->
</testsuite>
