<?xml version="1.0" encoding="UTF-8"?>
<!-- Generated by org.testng.reporters.JUnitXMLReporter -->
<testsuite ignored="0" hostname="SamsungLaptop" failures="1" tests="1" name="Test" time="3.007" errors="0" timestamp="2025-06-26T20:10:36 PDT">
  <testcase classname="testCases.TC003_Login_DDT" name="verify_loginDDT" time="0.0">
    <failure type="org.testng.TestNGException" message="
Method public void testCases.TC003_Login_DDT.verify_loginDDT(java.lang.String,java.lang.String,java.lang.String) requires a @DataProvider named : LoginData">
      <![CDATA[org.testng.TestNGException: 
Method public void testCases.TC003_Login_DDT.verify_loginDDT(java.lang.String,java.lang.String,java.lang.String) requires a @DataProvider named : LoginData
at java.base/java.util.ArrayList.forEach(ArrayList.java:1597)
... Removed 24 stack frames]]>
    </failure>
  </testcase> <!-- verify_loginDDT -->
</testsuite> <!-- Test -->
